<?xml version="1.0" encoding="UTF-8"?>
<!-- Generated by org.testng.reporters.JUnitReportReporter -->
<testsuite hostname="Vikas" failures="0" tests="1" name="demo.GitPractice" time="0.013" errors="0" timestamp="2025-10-27T13:06:22 IST" skipped="0">
  <testcase classname="demo.GitPractice" name="demoUser" time="0.013"/>
</testsuite> <!-- demo.GitPractice -->
